<?xml version="1.0" encoding="UTF-8"?>
<!-- Generated by org.testng.reporters.JUnitXMLReporter -->
<testsuite hostname="TVMATP138093L" ignored="0" name="Command line test" tests="1" failures="0" timestamp="2020-03-06T14:56:56 IST" time="5.458" errors="0">
  <testcase name="@BeforeClass beforeTest" time="5.267" classname="apiTesting.restAssuredTestCases.AppTest">
    <failure type="java.lang.AssertionError" message="expected [201] but found [415]">
      <![CDATA[java.lang.AssertionError: expected [201] but found [415]
at apiTesting.restAssuredTestCases.AppTest.beforeTest(AppTest.java:90)
at java.util.ArrayList.forEach(ArrayList.java:1257)
... Removed 41 stack frames]]>
    </failure>
  </testcase> <!-- @BeforeClass beforeTest -->
  <testcase name="postTest" time="0.0" classname="apiTesting.restAssuredTestCases.AppTest">
    <skipped/>
  </testcase> <!-- postTest -->
</testsuite> <!-- Command line test -->
