<?xml version="1.0" encoding="UTF-8"?>
<!-- Generated by org.testng.reporters.JUnitXMLReporter -->
<testsuite hostname="TVMATP138093L" ignored="0" name="Test" tests="1" failures="0" timestamp="2020-03-10T19:14:06 IST" time="1.294" errors="0">
  <testcase name="@BeforeClass beforeTest" time="1.068" classname="apiTesting.restAssuredTestCases.apiPOSTTestCases">
    <failure type="java.lang.NullPointerException">
      <![CDATA[java.lang.NullPointerException
at apiTesting.restAssuredTestCases.apiPOSTTestCases.beforeTest(apiPOSTTestCases.java:54)
at java.util.ArrayList.forEach(ArrayList.java:1257)
... Removed 29 stack frames]]>
    </failure>
  </testcase> <!-- @BeforeClass beforeTest -->
  <testcase name="postTest" time="0.0" classname="apiTesting.restAssuredTestCases.apiPOSTTestCases">
    <skipped/>
  </testcase> <!-- postTest -->
</testsuite> <!-- Test -->
