-------------------------------------------------------------------------------
Test set: TestSuite
-------------------------------------------------------------------------------
Tests run: 2, Failures: 1, Errors: 0, Skipped: 1, Time elapsed: 2.557 s <<< FAILURE! - in TestSuite
beforeTest(apiTesting.restAssuredTestCases.apiPOSTTestCases)  Time elapsed: 2.084 s  <<< FAILURE!
java.lang.NullPointerException
	at apiTesting.restAssuredTestCases.apiPOSTTestCases.beforeTest(apiPOSTTestCases.java:54)

