<?xml version="1.0" encoding="UTF-8"?>
<testsuite xmlns:xsi="http://www.w3.org/2001/XMLSchema-instance" xsi:noNamespaceSchemaLocation="https://maven.apache.org/surefire/maven-surefire-plugin/xsd/surefire-test-report.xsd" name="TestSuite" time="2.557" tests="2" errors="0" skipped="1" failures="1">
  <properties>
[...]
</properties>
  <testcase name="beforeTest" classname="apiTesting.restAssuredTestCases.apiPOSTTestCases" time="2.084">
    <failure type="java.lang.NullPointerException">java.lang.NullPointerException
	at apiTesting.restAssuredTestCases.apiPOSTTestCases.beforeTest(apiPOSTTestCases.java:54)
</failure>
    <system-out><![CDATA[dir = C:\Users\Sreejith_Vikram\eclipse-workspace\restAssuredTestCases
]]></system-out>
    <system-err><![CDATA[Mar 10, 2020 7:14:04 PM apiTesting.restAssuredTestCases.apiPOSTTestCases beforeTest
INFO: *********** Going to  Start apiPOSTestcase ************
Mar 10, 2020 7:14:05 PM apiTesting.restAssuredTestCases.apiPOSTTestCases beforeTest
INFO: RestAssured.baseURI = https://uat.tractorsupply.com
Mar 10, 2020 7:14:05 PM apiTesting.restAssuredTestCases.apiPOSTTestCases readData
INFO: KeyPhrase = Local
Mar 10, 2020 7:14:05 PM apiTesting.restAssuredTestCases.apiPOSTTestCases readData
INFO: Type = BODY
Mar 10, 2020 7:14:05 PM apiTesting.restAssuredTestCases.apiPOSTTestCases readData
INFO: shtName =Request-Body
Mar 10, 2020 7:14:05 PM apiTesting.restAssuredTestCases.apiPOSTTestCases readData
INFO: Last Row Num of SheetRequest-Body = 1
]]></system-err>
  </testcase>
  <testcase name="postTest" classname="apiTesting.restAssuredTestCases.apiPOSTTestCases" time="0">
    <skipped/>
  </testcase>
</testsuite>